c:\users\cdjones1.uni.017\desktop\dx11_cs3s664_tutorial_15 - sln\debug\dx11proj.pch
c:\users\cdjones1.uni.017\desktop\dx11_cs3s664_tutorial_15 - sln\debug\vc120.pdb
c:\users\cdjones1.uni.017\desktop\dx11_cs3s664_tutorial_15 - sln\debug\vc120.idb
c:\users\cdjones1.uni.017\desktop\dx11_cs3s664_tutorial_15 - sln\debug\stdafx.obj
c:\users\cdjones1.uni.017\desktop\dx11_cs3s664_tutorial_15 - sln\debug\animation.obj
c:\users\cdjones1.uni.017\desktop\dx11_cs3s664_tutorial_15 - sln\debug\basemodel.obj
c:\users\cdjones1.uni.017\desktop\dx11_cs3s664_tutorial_15 - sln\debug\box.obj
c:\users\cdjones1.uni.017\desktop\dx11_cs3s664_tutorial_15 - sln\debug\camera.obj
c:\users\cdjones1.uni.017\desktop\dx11_cs3s664_tutorial_15 - sln\debug\effect.obj
c:\users\cdjones1.uni.017\desktop\dx11_cs3s664_tutorial_15 - sln\debug\cgdconsole.obj
c:\users\cdjones1.uni.017\desktop\dx11_cs3s664_tutorial_15 - sln\debug\scene.obj
c:\users\cdjones1.uni.017\desktop\dx11_cs3s664_tutorial_15 - sln\debug\system.obj
c:\users\cdjones1.uni.017\desktop\dx11_cs3s664_tutorial_15 - sln\debug\cgdclock.obj
c:\users\cdjones1.uni.017\desktop\dx11_cs3s664_tutorial_15 - sln\debug\gumemory.obj
c:\users\cdjones1.uni.017\desktop\dx11_cs3s664_tutorial_15 - sln\debug\main.obj
c:\users\cdjones1.uni.017\desktop\dx11_cs3s664_tutorial_15 - sln\debug\material.obj
c:\users\cdjones1.uni.017\desktop\dx11_cs3s664_tutorial_15 - sln\debug\mesh.obj
c:\users\cdjones1.uni.017\desktop\dx11_cs3s664_tutorial_15 - sln\debug\texture.obj
c:\users\cdjones1.uni.017\desktop\dx11_cs3s664_tutorial_15 - sln\debug\triangle.obj
c:\users\cdjones1.uni.017\desktop\dx11_cs3s664_tutorial_15 - sln\debug\utils.obj
c:\users\cdjones1.uni.017\desktop\dx11_cs3s664_tutorial_15 - sln\shaders\cso\basic_colour_ps.cso
c:\users\cdjones1.uni.017\desktop\dx11_cs3s664_tutorial_15 - sln\shaders\cso\basic_colour_vs.cso
c:\users\cdjones1.uni.017\desktop\dx11_cs3s664_tutorial_15 - sln\shaders\cso\basic_lighting_vs.cso
c:\users\cdjones1.uni.017\desktop\dx11_cs3s664_tutorial_15 - sln\shaders\cso\basic_texture_ps.cso
c:\users\cdjones1.uni.017\desktop\dx11_cs3s664_tutorial_15 - sln\shaders\cso\basic_texture_vs.cso
c:\users\cdjones1.uni.017\desktop\dx11_cs3s664_tutorial_15 - sln\debug\dx11proj.ilk
c:\users\cdjones1.uni.017\desktop\dx11_cs3s664_tutorial_15 - sln\debug\dx11proj.exe
c:\users\cdjones1.uni.017\desktop\dx11_cs3s664_tutorial_15 - sln\debug\dx11proj.pdb
c:\users\carl\desktop\rtr\19_20\week14\dx11_cs3s664_tutorial_14 - sln\dx11_cs3s664_tutorial_14 - sln\debug\animation.obj
c:\users\carl\desktop\rtr\19_20\week14\dx11_cs3s664_tutorial_14 - sln\dx11_cs3s664_tutorial_14 - sln\debug\basemodel.obj
c:\users\carl\desktop\rtr\19_20\week14\dx11_cs3s664_tutorial_14 - sln\dx11_cs3s664_tutorial_14 - sln\debug\box.obj
c:\users\carl\desktop\rtr\19_20\week14\dx11_cs3s664_tutorial_14 - sln\dx11_cs3s664_tutorial_14 - sln\debug\camera.obj
c:\users\carl\desktop\rtr\19_20\week14\dx11_cs3s664_tutorial_14 - sln\dx11_cs3s664_tutorial_14 - sln\debug\cgdclock.obj
c:\users\carl\desktop\rtr\19_20\week14\dx11_cs3s664_tutorial_14 - sln\dx11_cs3s664_tutorial_14 - sln\debug\cgdconsole.obj
c:\users\carl\desktop\rtr\19_20\week14\dx11_cs3s664_tutorial_14 - sln\dx11_cs3s664_tutorial_14 - sln\debug\effect.obj
c:\users\carl\desktop\rtr\19_20\week14\dx11_cs3s664_tutorial_14 - sln\dx11_cs3s664_tutorial_14 - sln\debug\gumemory.obj
c:\users\carl\desktop\rtr\19_20\week14\dx11_cs3s664_tutorial_14 - sln\dx11_cs3s664_tutorial_14 - sln\debug\main.obj
c:\users\carl\desktop\rtr\19_20\week14\dx11_cs3s664_tutorial_14 - sln\dx11_cs3s664_tutorial_14 - sln\debug\material.obj
c:\users\carl\desktop\rtr\19_20\week14\dx11_cs3s664_tutorial_14 - sln\dx11_cs3s664_tutorial_14 - sln\debug\mesh.obj
c:\users\carl\desktop\rtr\19_20\week14\dx11_cs3s664_tutorial_14 - sln\dx11_cs3s664_tutorial_14 - sln\debug\scene.obj
c:\users\carl\desktop\rtr\19_20\week14\dx11_cs3s664_tutorial_14 - sln\dx11_cs3s664_tutorial_14 - sln\debug\stdafx.obj
c:\users\carl\desktop\rtr\19_20\week14\dx11_cs3s664_tutorial_14 - sln\dx11_cs3s664_tutorial_14 - sln\debug\system.obj
c:\users\carl\desktop\rtr\19_20\week14\dx11_cs3s664_tutorial_14 - sln\dx11_cs3s664_tutorial_14 - sln\debug\texture.obj
c:\users\carl\desktop\rtr\19_20\week14\dx11_cs3s664_tutorial_14 - sln\dx11_cs3s664_tutorial_14 - sln\debug\triangle.obj
c:\users\carl\desktop\rtr\19_20\week14\dx11_cs3s664_tutorial_14 - sln\dx11_cs3s664_tutorial_14 - sln\debug\utils.obj
c:\users\carl\desktop\rtr\19_20\week14\dx11_cs3s664_tutorial_14 - sln\dx11_cs3s664_tutorial_14 - sln\debug\dx11proj.ilk
c:\users\carl\desktop\rtr\19_20\week14\dx11_cs3s664_tutorial_14 - sln\dx11_cs3s664_tutorial_14 - sln\debug\dx11proj.pch
c:\users\carl\desktop\rtr\19_20\week14\dx11_cs3s664_tutorial_14 - sln\dx11_cs3s664_tutorial_14 - sln\debug\vc120.idb
c:\users\carl\desktop\rtr\19_20\week14\dx11_cs3s664_tutorial_14 - sln\dx11_cs3s664_tutorial_14 - sln\debug\dx11proj.pdb
c:\users\carl\desktop\rtr\19_20\week14\dx11_cs3s664_tutorial_14 - sln\dx11_cs3s664_tutorial_14 - sln\debug\vc120.pdb
c:\users\carl\desktop\rtr\19_20\week14\dx11_cs3s664_tutorial_14 - sln\dx11_cs3s664_tutorial_14 - sln\debug\dx11proj.exe
c:\users\carl\desktop\rtr\19_20\week14\dx11_cs3s664_tutorial_14 - sln\dx11_cs3s664_tutorial_14 - sln\debug\dx11proj.tlog\cl.command.1.tlog
c:\users\carl\desktop\rtr\19_20\week14\dx11_cs3s664_tutorial_14 - sln\dx11_cs3s664_tutorial_14 - sln\debug\dx11proj.tlog\cl.read.1.tlog
c:\users\carl\desktop\rtr\19_20\week14\dx11_cs3s664_tutorial_14 - sln\dx11_cs3s664_tutorial_14 - sln\debug\dx11proj.tlog\cl.write.1.tlog
c:\users\carl\desktop\rtr\19_20\week14\dx11_cs3s664_tutorial_14 - sln\dx11_cs3s664_tutorial_14 - sln\debug\dx11proj.tlog\dx11proj.write.1u.tlog
c:\users\carl\desktop\rtr\19_20\week14\dx11_cs3s664_tutorial_14 - sln\dx11_cs3s664_tutorial_14 - sln\debug\dx11proj.tlog\fxc.command.1.tlog
c:\users\carl\desktop\rtr\19_20\week14\dx11_cs3s664_tutorial_14 - sln\dx11_cs3s664_tutorial_14 - sln\debug\dx11proj.tlog\fxc.read.1.tlog
c:\users\carl\desktop\rtr\19_20\week14\dx11_cs3s664_tutorial_14 - sln\dx11_cs3s664_tutorial_14 - sln\debug\dx11proj.tlog\fxc.write.1.tlog
c:\users\carl\desktop\rtr\19_20\week14\dx11_cs3s664_tutorial_14 - sln\dx11_cs3s664_tutorial_14 - sln\debug\dx11proj.tlog\link.command.1.tlog
c:\users\carl\desktop\rtr\19_20\week14\dx11_cs3s664_tutorial_14 - sln\dx11_cs3s664_tutorial_14 - sln\debug\dx11proj.tlog\link.read.1.tlog
c:\users\carl\desktop\rtr\19_20\week14\dx11_cs3s664_tutorial_14 - sln\dx11_cs3s664_tutorial_14 - sln\debug\dx11proj.tlog\link.write.1.tlog
